<?xml version="1.0" encoding="UTF-8"?>
<!-- Generated by org.testng.reporters.JUnitXMLReporter -->
<testsuite ignored="1" hostname="Win10-2-212" failures="0" tests="15" name="Test" time="21.487" errors="0" timestamp="2022-01-21T14:17:03 IST">
  <testcase classname="restassuredtestcases.PutRequest" name="testPutCreateUser" time="4.556"/>
  <testcase classname="restassuredtestcases.GetRequestListResorce" name="testList" time="1.01"/>
  <testcase classname="restassuredtestcases.PostRequestRegistrerdUnsuccessfull" name="testRegisterdUnsuccefull" time="1.084"/>
  <testcase classname="restassuredtestcases.GetRequestSingleUserNotFound" name="testNotfound" time="1.062"/>
  <testcase classname="restassuredtestcases.GetRequest" name="testGestUserList" time="0.977"/>
  <testcase classname="restassuredtestcases.GetRequest" name="testSingleUser" time="1.022"/>
  <testcase classname="restassuredtestcases.PostResuestRegisterSuccessful" name="testRegisterdsuccefull" time="1.049"/>
  <testcase classname="restassuredtestcases.GetRequestSingleResourceNotFound" name="UserNotFound" time="0.998"/>
  <testcase classname="restassuredtestcases.PostRequestLoginSuccessfull" name="testLoginsuccefull" time="2.095"/>
  <testcase classname="restassuredtestcases.PostRequest" name="testPostCreateUser" time="1.03"/>
  <testcase classname="restassuredtestcases.PostRequestLoginUnsuccesfull" name="testLoginUnsuccefull" time="1.014"/>
  <testcase classname="restassuredtestcases.GetRequestSingleResourceFound" name="testList" time="1.015"/>
  <testcase classname="restassuredtestcases.PatchRequest" name="testPatchCreateUser" time="0.998"/>
  <testcase classname="restassuredtestcases.GetRequestCucumberStyle" name="testvalidateGetUserListData" time="2.404"/>
  <testcase classname="restassuredtestcases.DeleteRequest" name="testDeleteCreatedUser" time="1.022"/>
  <testcase classname="restassuredtestcases.GetRequestCucumberStyle" name="getTestUserList" time="0.0">
    <ignored/>
  </testcase> <!-- getTestUserList -->
</testsuite> <!-- Test -->
